<?xml version="1.0" encoding="UTF-8"?>
<!-- Generated by org.testng.reporters.JUnitReportReporter -->
<testsuite hostname="SOHANI-PC" name="TestClass1" tests="4" failures="0" timestamp="10 Sep 2017 10:36:35 GMT" time="111.453" errors="0">
  <testcase name="Test3" time="0.002" classname="TestClass1"/>
  <testcase name="Test1" time="45.074" classname="TestClass1"/>
  <testcase name="Test1" time="66.374" classname="TestClass1"/>
  <testcase name="Test2" time="0.003" classname="TestClass1"/>
</testsuite> <!-- TestClass1 -->
